<?xml version="1.0" encoding="UTF-8"?>
<beans xmlns="http://www.springframework.org/schema/beans"
	xmlns:xsi="http://www.w3.org/2001/XMLSchema-instance"
	xmlns:jdbc="http://www.springframework.org/schema/jdbc"
	xmlns:p="http://www.springframework.org/schema/p"
	xmlns:c="http://www.springframework.org/schema/c"
	xsi:schemaLocation="http://www.springframework.org/schema/jdbc http://www.springframework.org/schema/jdbc/spring-jdbc.xsd
		http://www.springframework.org/schema/beans http://www.springframework.org/schema/beans/spring-beans.xsd">

	<jdbc:initialize-database data-source="dataSource">
		<jdbc:script location="classpath:initdb.sql" />
	</jdbc:initialize-database>

	<bean class="com.nboncoure.test.dbunit.config.DbUnitConfiguration"
		p:databaseConnection-ref="databaseConnection"
		p:databaseTester-ref="databaseTester" />

	<bean id="databaseConnection" class="com.nboncoure.test.dbunit.config.DatabaseConnectionFactory"
		p:dataSource-ref="dataSource" />

	<bean id="databaseTester" class="org.dbunit.DefaultDatabaseTester"
		c:_0-ref="databaseConnection" />

	<bean id="dataset"
		class="com.nboncoure.test.dbunit.initializer.FlatXMLDatabaseInitializer"
		p:location="classpath:datasets/dataset.xml" />

	<bean id="dataset2"
		class="com.nboncoure.test.dbunit.initializer.FlatXMLDatabaseInitializer"
		p:location="classpath:datasets/dataset2.xml" />

	<bean id="datasetInitializer"
		class="com.nboncoure.test.dbunit.utils.MyApplicationDataSetInitializer" />

</beans>
