<?xml version="1.0" encoding="UTF-8"?>
<beans xmlns="http://www.springframework.org/schema/beans"
	xmlns:xsi="http://www.w3.org/2001/XMLSchema-instance"
	xmlns:jdbc="http://www.springframework.org/schema/jdbc"
	xmlns:util="http://www.springframework.org/schema/util"
	xmlns:dbunit="http://www.nboncoure.com/schema/dbunit"
	xsi:schemaLocation="http://www.springframework.org/schema/jdbc http://www.springframework.org/schema/jdbc/spring-jdbc.xsd
		http://www.nboncoure.com/schema/dbunit http://www.nboncoure.com/schema/dbunit/spring-dbunit.xsd
		http://www.springframework.org/schema/beans http://www.springframework.org/schema/beans/spring-beans.xsd
		http://www.springframework.org/schema/util http://www.springframework.org/schema/util/spring-util.xsd">

	<jdbc:embedded-database id="dataSource" type="H2" />

	<dbunit:configuration id="dbunitConf" data-source="dataSource">
		<dbunit:include-table>user_*</dbunit:include-table>
		<dbunit:include-table>roles</dbunit:include-table>
		<dbunit:exclude-table>quartz_*</dbunit:exclude-table>
	</dbunit:configuration>

</beans>